c:\users\misch\source\repos\clasesabstractas\debug\vc142.pdb
c:\users\misch\source\repos\clasesabstractas\debug\triangulo.obj
c:\users\misch\source\repos\clasesabstractas\debug\pentagono.obj
c:\users\misch\source\repos\clasesabstractas\debug\octagono.obj
c:\users\misch\source\repos\clasesabstractas\debug\hexagono.obj
c:\users\misch\source\repos\clasesabstractas\debug\heptagono.obj
c:\users\misch\source\repos\clasesabstractas\debug\eneagono.obj
c:\users\misch\source\repos\clasesabstractas\debug\decagono.obj
c:\users\misch\source\repos\clasesabstractas\debug\cuadrilatero.obj
c:\users\misch\source\repos\clasesabstractas\debug\.netframework,version=v4.5.2.assemblyattributes.obj
c:\users\misch\source\repos\clasesabstractas\debug\.netframework,version=v4.5.2.assemblyattributes.asm
c:\users\misch\source\repos\clasesabstractas\debug\poligono.obj
c:\users\misch\source\repos\clasesabstractas\debug\myform.obj
c:\users\misch\source\repos\clasesabstractas\debug\clasesabstractas.myform.resources
c:\users\misch\source\repos\clasesabstractas\debug\clasesabstractas.vcxproj.generateresource.cache
c:\users\misch\source\repos\clasesabstractas\debug\clasesabstractas.vcxprojassemblyreference.cache
c:\users\misch\source\repos\clasesabstractas\debug\clasesabstractas.pdb
c:\users\misch\source\repos\clasesabstractas\debug\clasesabstractas.tlog\cl.command.1.tlog
c:\users\misch\source\repos\clasesabstractas\debug\clasesabstractas.tlog\cl.read.1.tlog
c:\users\misch\source\repos\clasesabstractas\debug\clasesabstractas.tlog\cl.write.1.tlog
c:\users\misch\source\repos\clasesabstractas\debug\clasesabstractas.tlog\clasesabstractas.write.1u.tlog
c:\users\misch\source\repos\clasesabstractas\debug\clasesabstractas.tlog\link.18372-cvtres.read.1.tlog
c:\users\misch\source\repos\clasesabstractas\debug\clasesabstractas.tlog\link.18372-cvtres.write.1.tlog
c:\users\misch\source\repos\clasesabstractas\debug\clasesabstractas.tlog\link.18372-rc.read.1.tlog
c:\users\misch\source\repos\clasesabstractas\debug\clasesabstractas.tlog\link.18372-rc.write.1.tlog
c:\users\misch\source\repos\clasesabstractas\debug\clasesabstractas.tlog\link.18372.delete.1.tlog
c:\users\misch\source\repos\clasesabstractas\debug\clasesabstractas.tlog\link.18372.read.1.tlog
c:\users\misch\source\repos\clasesabstractas\debug\clasesabstractas.tlog\link.18372.write.1.tlog
c:\users\misch\source\repos\clasesabstractas\debug\clasesabstractas.tlog\link.37224-cvtres.read.1.tlog
c:\users\misch\source\repos\clasesabstractas\debug\clasesabstractas.tlog\link.37224-cvtres.write.1.tlog
c:\users\misch\source\repos\clasesabstractas\debug\clasesabstractas.tlog\link.37224-rc.read.1.tlog
c:\users\misch\source\repos\clasesabstractas\debug\clasesabstractas.tlog\link.37224-rc.write.1.tlog
c:\users\misch\source\repos\clasesabstractas\debug\clasesabstractas.tlog\link.37224.read.1.tlog
c:\users\misch\source\repos\clasesabstractas\debug\clasesabstractas.tlog\link.37224.write.1.tlog
c:\users\misch\source\repos\clasesabstractas\debug\clasesabstractas.tlog\link.37644-cvtres.read.1.tlog
c:\users\misch\source\repos\clasesabstractas\debug\clasesabstractas.tlog\link.37644-cvtres.write.1.tlog
c:\users\misch\source\repos\clasesabstractas\debug\clasesabstractas.tlog\link.37644-rc.read.1.tlog
c:\users\misch\source\repos\clasesabstractas\debug\clasesabstractas.tlog\link.37644-rc.write.1.tlog
c:\users\misch\source\repos\clasesabstractas\debug\clasesabstractas.tlog\link.37644.delete.1.tlog
c:\users\misch\source\repos\clasesabstractas\debug\clasesabstractas.tlog\link.37644.read.1.tlog
c:\users\misch\source\repos\clasesabstractas\debug\clasesabstractas.tlog\link.37644.write.1.tlog
c:\users\misch\source\repos\clasesabstractas\debug\clasesabstractas.tlog\link.41736-cvtres.read.1.tlog
c:\users\misch\source\repos\clasesabstractas\debug\clasesabstractas.tlog\link.41736-cvtres.write.1.tlog
c:\users\misch\source\repos\clasesabstractas\debug\clasesabstractas.tlog\link.41736-rc.read.1.tlog
c:\users\misch\source\repos\clasesabstractas\debug\clasesabstractas.tlog\link.41736-rc.write.1.tlog
c:\users\misch\source\repos\clasesabstractas\debug\clasesabstractas.tlog\link.41736.delete.1.tlog
c:\users\misch\source\repos\clasesabstractas\debug\clasesabstractas.tlog\link.41736.read.1.tlog
c:\users\misch\source\repos\clasesabstractas\debug\clasesabstractas.tlog\link.41736.write.1.tlog
c:\users\misch\source\repos\clasesabstractas\debug\clasesabstractas.tlog\link.42448-cvtres.read.1.tlog
c:\users\misch\source\repos\clasesabstractas\debug\clasesabstractas.tlog\link.42448-cvtres.write.1.tlog
c:\users\misch\source\repos\clasesabstractas\debug\clasesabstractas.tlog\link.42448-rc.read.1.tlog
c:\users\misch\source\repos\clasesabstractas\debug\clasesabstractas.tlog\link.42448-rc.write.1.tlog
c:\users\misch\source\repos\clasesabstractas\debug\clasesabstractas.tlog\link.42448.delete.1.tlog
c:\users\misch\source\repos\clasesabstractas\debug\clasesabstractas.tlog\link.42448.read.1.tlog
c:\users\misch\source\repos\clasesabstractas\debug\clasesabstractas.tlog\link.42448.write.1.tlog
c:\users\misch\source\repos\clasesabstractas\debug\clasesabstractas.tlog\link.48832-cvtres.read.1.tlog
c:\users\misch\source\repos\clasesabstractas\debug\clasesabstractas.tlog\link.48832-cvtres.write.1.tlog
c:\users\misch\source\repos\clasesabstractas\debug\clasesabstractas.tlog\link.48832-rc.read.1.tlog
c:\users\misch\source\repos\clasesabstractas\debug\clasesabstractas.tlog\link.48832-rc.write.1.tlog
c:\users\misch\source\repos\clasesabstractas\debug\clasesabstractas.tlog\link.48832.delete.1.tlog
c:\users\misch\source\repos\clasesabstractas\debug\clasesabstractas.tlog\link.48832.read.1.tlog
c:\users\misch\source\repos\clasesabstractas\debug\clasesabstractas.tlog\link.48832.write.1.tlog
c:\users\misch\source\repos\clasesabstractas\debug\clasesabstractas.tlog\link.55172-cvtres.read.1.tlog
c:\users\misch\source\repos\clasesabstractas\debug\clasesabstractas.tlog\link.55172-cvtres.write.1.tlog
c:\users\misch\source\repos\clasesabstractas\debug\clasesabstractas.tlog\link.55172-rc.read.1.tlog
c:\users\misch\source\repos\clasesabstractas\debug\clasesabstractas.tlog\link.55172-rc.write.1.tlog
c:\users\misch\source\repos\clasesabstractas\debug\clasesabstractas.tlog\link.55172.delete.1.tlog
c:\users\misch\source\repos\clasesabstractas\debug\clasesabstractas.tlog\link.55172.read.1.tlog
c:\users\misch\source\repos\clasesabstractas\debug\clasesabstractas.tlog\link.55172.write.1.tlog
c:\users\misch\source\repos\clasesabstractas\debug\clasesabstractas.tlog\link.command.1.tlog
c:\users\misch\source\repos\clasesabstractas\debug\clasesabstractas.tlog\link.read.1.tlog
c:\users\misch\source\repos\clasesabstractas\debug\clasesabstractas.tlog\link.write.1.tlog
c:\users\misch\source\repos\clasesabstractas\debug\clasesabstractas.tlog\metagen.read.1.tlog
c:\users\misch\source\repos\clasesabstractas\debug\clasesabstractas.tlog\metagen.write.1.tlog
